/*C189*/CONNECT USER SA
DISCONNECT
/*C190*/CONNECT USER SA
DISCONNECT
/*C191*/CONNECT USER SA
DISCONNECT
/*C192*/CONNECT USER SA
SET AUTOCOMMIT FALSE
INSERT INTO IDENTITYTABLE VALUES(4,'hoge')
ROLLBACK
SET AUTOCOMMIT TRUE
DISCONNECT
/*C193*/CONNECT USER SA
DISCONNECT
/*C194*/CONNECT USER SA
DISCONNECT
/*C195*/CONNECT USER SA
DISCONNECT
/*C196*/CONNECT USER SA
DISCONNECT
/*C197*/CONNECT USER SA
DISCONNECT
/*C198*/CONNECT USER SA
DISCONNECT
/*C199*/CONNECT USER SA
DISCONNECT
/*C200*/CONNECT USER SA
DISCONNECT
/*C201*/CONNECT USER SA
DISCONNECT
/*C202*/CONNECT USER SA
DISCONNECT
/*C203*/CONNECT USER SA
DISCONNECT
/*C204*/CONNECT USER SA
DISCONNECT
/*C205*/CONNECT USER SA
DISCONNECT
/*C206*/CONNECT USER SA
DISCONNECT
/*C207*/CONNECT USER SA
DISCONNECT
/*C208*/CONNECT USER SA
DISCONNECT
/*C209*/CONNECT USER SA
DISCONNECT
/*C210*/CONNECT USER SA
DISCONNECT
/*C211*/CONNECT USER SA
DISCONNECT
/*C212*/CONNECT USER SA
DISCONNECT
/*C213*/CONNECT USER SA
SET AUTOCOMMIT FALSE
INSERT INTO DEPT2 VALUES(99,'hoge',1)
ROLLBACK
SET AUTOCOMMIT TRUE
DISCONNECT
/*C214*/CONNECT USER SA
DISCONNECT
/*C215*/CONNECT USER SA
DISCONNECT
/*C216*/CONNECT USER SA
DISCONNECT
/*C217*/CONNECT USER SA
DISCONNECT
/*C218*/CONNECT USER SA
DISCONNECT
/*C219*/CONNECT USER SA
DISCONNECT
/*C220*/CONNECT USER SA
SET AUTOCOMMIT FALSE
INSERT INTO EMP VALUES(99,'hoge',NULL,NULL,NULL,NULL,NULL,0,'2005-10-07 06:56:19.843')
ROLLBACK
SET AUTOCOMMIT TRUE
DISCONNECT
/*C221*/CONNECT USER SA
DISCONNECT
/*C222*/CONNECT USER SA
SET AUTOCOMMIT FALSE
DELETE FROM EMP WHERE EMPNO=7788
INSERT INTO EMP VALUES(7788,'hoge2','ANALYST',7566,'1982-12-09',3000.0,NULL,20,'2005-10-07 06:56:20.968')
ROLLBACK
SET AUTOCOMMIT TRUE
DISCONNECT
/*C223*/CONNECT USER SA
SET AUTOCOMMIT FALSE
DELETE FROM EMP WHERE EMPNO=7788
ROLLBACK
SET AUTOCOMMIT TRUE
DISCONNECT
/*C224*/CONNECT USER SA
DISCONNECT
/*C225*/CONNECT USER SA
DISCONNECT
/*C226*/CONNECT USER SA
DISCONNECT
/*C227*/CONNECT USER SA
DISCONNECT
/*C228*/CONNECT USER SA
DISCONNECT
/*C229*/CONNECT USER SA
DISCONNECT
/*C230*/CONNECT USER SA
DISCONNECT
/*C231*/CONNECT USER SA
DISCONNECT
/*C232*/CONNECT USER SA
DISCONNECT
/*C233*/CONNECT USER SA
DISCONNECT
/*C234*/CONNECT USER SA
DISCONNECT
/*C235*/CONNECT USER SA
DISCONNECT
/*C236*/CONNECT USER SA
DISCONNECT
/*C237*/CONNECT USER SA
DISCONNECT
/*C238*/CONNECT USER SA
DISCONNECT
/*C239*/CONNECT USER SA
DISCONNECT
/*C240*/CONNECT USER SA
DISCONNECT
/*C241*/CONNECT USER SA
DISCONNECT
/*C242*/CONNECT USER SA
DISCONNECT
/*C243*/CONNECT USER SA
DISCONNECT
/*C244*/CONNECT USER SA
DISCONNECT
/*C245*/CONNECT USER SA
DISCONNECT
/*C246*/CONNECT USER SA
DISCONNECT
/*C247*/CONNECT USER SA
DISCONNECT
/*C248*/CONNECT USER SA
DISCONNECT
/*C249*/CONNECT USER SA
SET AUTOCOMMIT FALSE
DELETE FROM EMP WHERE EMPNO=7369
ROLLBACK
SET AUTOCOMMIT TRUE
DISCONNECT
/*C250*/CONNECT USER SA
SET AUTOCOMMIT FALSE
DELETE FROM EMP WHERE EMPNO=7788
ROLLBACK
SET AUTOCOMMIT TRUE
DISCONNECT
/*C251*/CONNECT USER SA
SET AUTOCOMMIT FALSE
DELETE FROM DEPT WHERE DEPTNO=10
ROLLBACK
SET AUTOCOMMIT TRUE
DISCONNECT
/*C252*/CONNECT USER SA
SET AUTOCOMMIT FALSE
SET AUTOCOMMIT TRUE
DISCONNECT
/*C253*/CONNECT USER SA
SET AUTOCOMMIT FALSE
SET AUTOCOMMIT TRUE
DISCONNECT
/*C254*/CONNECT USER SA
SET AUTOCOMMIT FALSE
INSERT INTO EMP VALUES(99,'hoge',NULL,NULL,NULL,NULL,NULL,0,'2005-10-07 06:56:41.578')
ROLLBACK
SET AUTOCOMMIT TRUE
DISCONNECT
/*C255*/CONNECT USER SA
SET AUTOCOMMIT FALSE
INSERT INTO IDENTITYTABLE VALUES(5,'hoge')
ROLLBACK
SET AUTOCOMMIT TRUE
DISCONNECT
/*C256*/CONNECT USER SA
SET AUTOCOMMIT FALSE
ALTER SEQUENCE MYSEQ RESTART WITH 50
INSERT INTO SEQTABLE VALUES(49,'hoge')
ROLLBACK
SET AUTOCOMMIT TRUE
DISCONNECT
/*C257*/CONNECT USER SA
SET AUTOCOMMIT FALSE
INSERT INTO EMP VALUES(99,'hoge',NULL,NULL,NULL,NULL,NULL,NULL,'2005-10-07 06:56:43.234')
ROLLBACK
SET AUTOCOMMIT TRUE
DISCONNECT
/*C258*/CONNECT USER SA
SET AUTOCOMMIT FALSE
INSERT INTO EMP VALUES(99,NULL,NULL,NULL,NULL,NULL,NULL,10,'2005-10-07 06:56:43.828')
ROLLBACK
SET AUTOCOMMIT TRUE
DISCONNECT
/*C259*/CONNECT USER SA
SET AUTOCOMMIT FALSE
INSERT INTO EMP VALUES(99,'hoge',NULL,NULL,NULL,NULL,NULL,0,'2005-10-07 06:56:44.406')
INSERT INTO EMP VALUES(98,'hoge2',NULL,NULL,NULL,NULL,NULL,0,'2005-10-07 06:56:44.406')
ROLLBACK
SET AUTOCOMMIT TRUE
DISCONNECT
/*C260*/CONNECT USER SA
/*C261*/CONNECT USER SA
DISCONNECT
/*C260*/DISCONNECT
/*C262*/CONNECT USER SA
SET AUTOCOMMIT FALSE
DELETE FROM EMP WHERE EMPNO=7788
INSERT INTO EMP VALUES(7788,'SCOTT','ANALYST',7566,'1982-12-09',3000.0,NULL,20,'2005-10-07 06:56:45.531')
ROLLBACK
SET AUTOCOMMIT TRUE
DISCONNECT
/*C263*/CONNECT USER SA
SET AUTOCOMMIT FALSE
DELETE FROM DEPT WHERE DEPTNO=10
INSERT INTO DEPT VALUES(10,NULL,NULL,1,1)
ROLLBACK
SET AUTOCOMMIT TRUE
DISCONNECT
/*C264*/CONNECT USER SA
SET AUTOCOMMIT FALSE
SET AUTOCOMMIT TRUE
DISCONNECT
/*C265*/CONNECT USER SA
SET AUTOCOMMIT FALSE
DELETE FROM EMP WHERE EMPNO=7788
INSERT INTO EMP VALUES(7788,'SCOTT','ANALYST',7566,'1982-12-09',3000.0,NULL,20,'2005-10-07 06:56:47.171')
ROLLBACK
SET AUTOCOMMIT TRUE
DISCONNECT
/*C266*/CONNECT USER SA
SET AUTOCOMMIT FALSE
DELETE FROM EMP WHERE EMPNO=7788
INSERT INTO EMP VALUES(7788,'SCOTT','ANALYST',7566,'1982-12-09',3000.0,NULL,20,'2005-10-07 06:56:47.765')
ROLLBACK
SET AUTOCOMMIT TRUE
DISCONNECT
/*C267*/CONNECT USER SA
SET AUTOCOMMIT FALSE
SET AUTOCOMMIT TRUE
DISCONNECT
/*C268*/CONNECT USER SA
SET AUTOCOMMIT FALSE
DELETE FROM EMP WHERE EMPNO=7788
INSERT INTO EMP VALUES(7788,'SCOTT','ANALYST',7566,'1982-12-09',3000.0,NULL,20,'2005-01-18 13:09:32.213')
ROLLBACK
SET AUTOCOMMIT TRUE
DISCONNECT
/*C269*/CONNECT USER SA
SET AUTOCOMMIT FALSE
INSERT INTO EMP VALUES(99,'hoge',NULL,NULL,NULL,NULL,NULL,0,NULL)
ROLLBACK
SET AUTOCOMMIT TRUE
DISCONNECT
/*C270*/CONNECT USER SA
DISCONNECT
/*C271*/CONNECT USER SA
DISCONNECT
/*C272*/CONNECT USER SA
SET AUTOCOMMIT FALSE
INSERT INTO EMP VALUES(99,'hoge',NULL,NULL,NULL,NULL,NULL,0,NULL)
INSERT INTO EMP VALUES(98,'hoge2',NULL,NULL,NULL,NULL,NULL,0,NULL)
ROLLBACK
SET AUTOCOMMIT TRUE
DISCONNECT
/*C273*/CONNECT USER SA
SET AUTOCOMMIT FALSE
INSERT INTO EMP VALUES(99,'\uff5e',NULL,NULL,NULL,NULL,NULL,0,NULL)
ROLLBACK
SET AUTOCOMMIT TRUE
DISCONNECT
/*C274*/CONNECT USER SA
SET AUTOCOMMIT FALSE
DELETE FROM DEPT WHERE DEPTNO=10
INSERT INTO DEPT VALUES(10,NULL,NULL,1,1)
ROLLBACK
SET AUTOCOMMIT TRUE
DISCONNECT
/*C275*/CONNECT USER SA
SET AUTOCOMMIT FALSE
DELETE FROM DEPT WHERE DEPTNO=10
ROLLBACK
SET AUTOCOMMIT TRUE
DISCONNECT
/*C276*/CONNECT USER SA
DISCONNECT
/*C277*/CONNECT USER SA
DISCONNECT
/*C278*/CONNECT USER SA
DISCONNECT
/*C279*/CONNECT USER SA
SET AUTOCOMMIT FALSE
INSERT INTO EMP VALUES(9999,'hoge',NULL,NULL,NULL,NULL,NULL,NULL,NULL)
ROLLBACK
SET AUTOCOMMIT TRUE
DISCONNECT
/*C280*/CONNECT USER SA
SET AUTOCOMMIT FALSE
DELETE FROM EMP WHERE EMPNO=7788
INSERT INTO EMP VALUES(7788,'SCOTT','ANALYST',7566,'1982-12-09',3000.0,NULL,20,'2005-01-18 13:09:32.213')
ROLLBACK
SET AUTOCOMMIT TRUE
DISCONNECT
/*C281*/CONNECT USER SA
DISCONNECT
/*C282*/CONNECT USER SA
DISCONNECT
/*C283*/CONNECT USER SA
DISCONNECT
/*C284*/CONNECT USER SA
DISCONNECT
/*C285*/CONNECT USER SA
DISCONNECT
/*C286*/CONNECT USER SA
DISCONNECT
